This is pdfTeX, Version 3.141592653-2.6-1.40.26 (TeX Live 2024) (preloaded format=pdflatex 2024.11.28)  22 JAN 2025 17:24
entering extended mode
 restricted \write18 enabled.
 file:line:error style messages enabled.
 %&-line parsing enabled.
**/Users/aisja/Documents/Il-cinema-di-Quentin-Tarantino/tesimichele.tex
(/Users/aisja/Documents/Il-cinema-di-Quentin-Tarantino/tesimichele.tex
LaTeX2e <2023-11-01> patch level 1
L3 programming layer <2024-02-20>
(/usr/local/texlive/2024/texmf-dist/tex/latex/base/article.cls
Document Class: article 2023/05/17 v1.4n Standard LaTeX document class
(/usr/local/texlive/2024/texmf-dist/tex/latex/base/size12.clo
File: size12.clo 2023/05/17 v1.4n Standard LaTeX file (size option)
)
\c@part=\count188
\c@section=\count189
\c@subsection=\count190
\c@subsubsection=\count191
\c@paragraph=\count192
\c@subparagraph=\count193
\c@figure=\count194
\c@table=\count195
\abovecaptionskip=\skip48
\belowcaptionskip=\skip49
\bibindent=\dimen140
) (/usr/local/texlive/2024/texmf-dist/tex/latex/graphics/graphicx.sty
Package: graphicx 2021/09/16 v1.2d Enhanced LaTeX Graphics (DPC,SPQR)
 (/usr/local/texlive/2024/texmf-dist/tex/latex/graphics/keyval.sty
Package: keyval 2022/05/29 v1.15 key=value parser (DPC)
\KV@toks@=\toks17
) (/usr/local/texlive/2024/texmf-dist/tex/latex/graphics/graphics.sty
Package: graphics 2022/03/10 v1.4e Standard LaTeX Graphics (DPC,SPQR)
 (/usr/local/texlive/2024/texmf-dist/tex/latex/graphics/trig.sty
Package: trig 2021/08/11 v1.11 sin cos tan (DPC)
) (/usr/local/texlive/2024/texmf-dist/tex/latex/graphics-cfg/graphics.cfg
File: graphics.cfg 2016/06/04 v1.11 sample graphics configuration
)
Package graphics Info: Driver file: pdftex.def on input line 107.
 (/usr/local/texlive/2024/texmf-dist/tex/latex/graphics-def/pdftex.def
File: pdftex.def 2022/09/22 v1.2b Graphics/color driver for pdftex
))
\Gin@req@height=\dimen141
\Gin@req@width=\dimen142
) (/usr/local/texlive/2024/texmf-dist/tex/latex/hyperref/hyperref.sty
Package: hyperref 2024-01-20 v7.01h Hypertext links for LaTeX
 (/usr/local/texlive/2024/texmf-dist/tex/generic/iftex/iftex.sty
Package: iftex 2022/02/03 v1.0f TeX engine tests
) (/usr/local/texlive/2024/texmf-dist/tex/latex/kvsetkeys/kvsetkeys.sty
Package: kvsetkeys 2022-10-05 v1.19 Key value parser (HO)
) (/usr/local/texlive/2024/texmf-dist/tex/generic/kvdefinekeys/kvdefinekeys.sty
Package: kvdefinekeys 2019-12-19 v1.6 Define keys (HO)
) (/usr/local/texlive/2024/texmf-dist/tex/generic/pdfescape/pdfescape.sty
Package: pdfescape 2019/12/09 v1.15 Implements pdfTeX's escape features (HO)
 (/usr/local/texlive/2024/texmf-dist/tex/generic/ltxcmds/ltxcmds.sty
Package: ltxcmds 2023-12-04 v1.26 LaTeX kernel commands for general use (HO)
) (/usr/local/texlive/2024/texmf-dist/tex/generic/pdftexcmds/pdftexcmds.sty
Package: pdftexcmds 2020-06-27 v0.33 Utility functions of pdfTeX for LuaTeX (HO)
 (/usr/local/texlive/2024/texmf-dist/tex/generic/infwarerr/infwarerr.sty
Package: infwarerr 2019/12/03 v1.5 Providing info/warning/error messages (HO)
)
Package pdftexcmds Info: \pdf@primitive is available.
Package pdftexcmds Info: \pdf@ifprimitive is available.
Package pdftexcmds Info: \pdfdraftmode found.
)) (/usr/local/texlive/2024/texmf-dist/tex/latex/hycolor/hycolor.sty
Package: hycolor 2020-01-27 v1.10 Color options for hyperref/bookmark (HO)
) (/usr/local/texlive/2024/texmf-dist/tex/latex/auxhook/auxhook.sty
Package: auxhook 2019-12-17 v1.6 Hooks for auxiliary files (HO)
) (/usr/local/texlive/2024/texmf-dist/tex/latex/hyperref/nameref.sty
Package: nameref 2023-11-26 v2.56 Cross-referencing by name of section
 (/usr/local/texlive/2024/texmf-dist/tex/latex/refcount/refcount.sty
Package: refcount 2019/12/15 v3.6 Data extraction from label references (HO)
) (/usr/local/texlive/2024/texmf-dist/tex/generic/gettitlestring/gettitlestring.sty
Package: gettitlestring 2019/12/15 v1.6 Cleanup title references (HO)
 (/usr/local/texlive/2024/texmf-dist/tex/latex/kvoptions/kvoptions.sty
Package: kvoptions 2022-06-15 v3.15 Key value format for package options (HO)
))
\c@section@level=\count196
) (/usr/local/texlive/2024/texmf-dist/tex/latex/etoolbox/etoolbox.sty
Package: etoolbox 2020/10/05 v2.5k e-TeX tools for LaTeX (JAW)
\etb@tempcnta=\count197
)
\@linkdim=\dimen143
\Hy@linkcounter=\count198
\Hy@pagecounter=\count199
 (/usr/local/texlive/2024/texmf-dist/tex/latex/hyperref/pd1enc.def
File: pd1enc.def 2024-01-20 v7.01h Hyperref: PDFDocEncoding definition (HO)
Now handling font encoding PD1 ...
... no UTF-8 mapping file for font encoding PD1
) (/usr/local/texlive/2024/texmf-dist/tex/generic/intcalc/intcalc.sty
Package: intcalc 2019/12/15 v1.3 Expandable calculations with integers (HO)
)
\Hy@SavedSpaceFactor=\count266
 (/usr/local/texlive/2024/texmf-dist/tex/latex/hyperref/puenc.def
File: puenc.def 2024-01-20 v7.01h Hyperref: PDF Unicode definition (HO)
Now handling font encoding PU ...
... no UTF-8 mapping file for font encoding PU
)
Package hyperref Info: Hyper figures OFF on input line 4179.
Package hyperref Info: Link nesting OFF on input line 4184.
Package hyperref Info: Hyper index ON on input line 4187.
Package hyperref Info: Plain pages OFF on input line 4194.
Package hyperref Info: Backreferencing OFF on input line 4199.
Package hyperref Info: Implicit mode ON; LaTeX internals redefined.
Package hyperref Info: Bookmarks ON on input line 4446.
\c@Hy@tempcnt=\count267
 (/usr/local/texlive/2024/texmf-dist/tex/latex/url/url.sty
\Urlmuskip=\muskip16
Package: url 2013/09/16  ver 3.4  Verb mode for urls, etc.
)
LaTeX Info: Redefining \url on input line 4784.
\XeTeXLinkMargin=\dimen144
 (/usr/local/texlive/2024/texmf-dist/tex/generic/bitset/bitset.sty
Package: bitset 2019/12/09 v1.3 Handle bit-vector datatype (HO)
 (/usr/local/texlive/2024/texmf-dist/tex/generic/bigintcalc/bigintcalc.sty
Package: bigintcalc 2019/12/15 v1.5 Expandable calculations on big integers (HO)
))
\Fld@menulength=\count268
\Field@Width=\dimen145
\Fld@charsize=\dimen146
Package hyperref Info: Hyper figures OFF on input line 6063.
Package hyperref Info: Link nesting OFF on input line 6068.
Package hyperref Info: Hyper index ON on input line 6071.
Package hyperref Info: backreferencing OFF on input line 6078.
Package hyperref Info: Link coloring OFF on input line 6083.
Package hyperref Info: Link coloring with OCG OFF on input line 6088.
Package hyperref Info: PDF/A mode OFF on input line 6093.
 (/usr/local/texlive/2024/texmf-dist/tex/latex/base/atbegshi-ltx.sty
Package: atbegshi-ltx 2021/01/10 v1.0c Emulation of the original atbegshi
package with kernel methods
)
\Hy@abspage=\count269
\c@Item=\count270
\c@Hfootnote=\count271
)
Package hyperref Info: Driver (autodetected): hpdftex.
 (/usr/local/texlive/2024/texmf-dist/tex/latex/hyperref/hpdftex.def
File: hpdftex.def 2024-01-20 v7.01h Hyperref driver for pdfTeX
 (/usr/local/texlive/2024/texmf-dist/tex/latex/base/atveryend-ltx.sty
Package: atveryend-ltx 2020/08/19 v1.0a Emulation of the original atveryend package
with kernel methods
)
\Fld@listcount=\count272
\c@bookmark@seq@number=\count273
 (/usr/local/texlive/2024/texmf-dist/tex/latex/rerunfilecheck/rerunfilecheck.sty
Package: rerunfilecheck 2022-07-10 v1.10 Rerun checks for auxiliary files (HO)
 (/usr/local/texlive/2024/texmf-dist/tex/generic/uniquecounter/uniquecounter.sty
Package: uniquecounter 2019/12/15 v1.4 Provide unlimited unique counter (HO)
)
Package uniquecounter Info: New unique counter `rerunfilecheck' on input line 285.
)
\Hy@SectionHShift=\skip50
) (/usr/local/texlive/2024/texmf-dist/tex/latex/setspace/setspace.sty
Package: setspace 2022/12/04 v6.7b set line spacing
) (/usr/local/texlive/2024/texmf-dist/tex/latex/media9/media9.sty
Package: media9 2022/08/04 v1.25 acrobat-9/X compatible media
\g_mix_pkgresizeflag_int=\count274
 (/usr/local/texlive/2024/texmf-dist/tex/latex/media9/pdfbase.sty
Package: pdfbase 2022/08/04 v0.55 driver independent access to low-level PDF features
 (/usr/local/texlive/2024/texmf-dist/tex/latex/l3backend/l3backend-pdftex.def
File: l3backend-pdftex.def 2024-02-20 L3 backend support: PDF output (pdfTeX)
\l__color_backend_stack_int=\count275
\l__pdf_internal_box=\box51
)
\g_pbs_page_int=\count276
\g_pbs_oc_int=\count277
) (/usr/local/texlive/2024/texmf-dist/tex/latex/ocgx2/ocgbase.sty
Package: ocgbase 2022/08/04 v0.22 support package for ocgx2.sty
\g_ocgbase_nd_int=\count278
)
\l_mix_poster_box=\box52
\g_mix_wd_dim=\dimen147
\g_mix_ht_dim=\dimen148
\g_mix_dp_dim=\dimen149
\g_mix_rmcnt_int=\count279
\l_mix_viewcnt_int=\count280
\g@mix@page@int=\count281
\g_mix_resizeflag_int=\count282
\l_mix_lineno_int=\count283
\l_mix_pbtn_box=\box53
\g_mix_mbtncnt_int=\count284
\mix@btn@dim=\dimen150
) (/usr/local/texlive/2024/texmf-dist/tex/latex/float/float.sty
Package: float 2001/11/08 v1.3d Float enhancements (AL)
\c@float@type=\count285
\float@exts=\toks18
\float@box=\box54
\@float@everytoks=\toks19
\@floatcapt=\box55
) (./tesimichele.aux)
\openout1 = `tesimichele.aux'.

LaTeX Font Info:    Checking defaults for OML/cmm/m/it on input line 9.
LaTeX Font Info:    ... okay on input line 9.
LaTeX Font Info:    Checking defaults for OMS/cmsy/m/n on input line 9.
LaTeX Font Info:    ... okay on input line 9.
LaTeX Font Info:    Checking defaults for OT1/cmr/m/n on input line 9.
LaTeX Font Info:    ... okay on input line 9.
LaTeX Font Info:    Checking defaults for T1/cmr/m/n on input line 9.
LaTeX Font Info:    ... okay on input line 9.
LaTeX Font Info:    Checking defaults for TS1/cmr/m/n on input line 9.
LaTeX Font Info:    ... okay on input line 9.
LaTeX Font Info:    Checking defaults for OMX/cmex/m/n on input line 9.
LaTeX Font Info:    ... okay on input line 9.
LaTeX Font Info:    Checking defaults for U/cmr/m/n on input line 9.
LaTeX Font Info:    ... okay on input line 9.
LaTeX Font Info:    Checking defaults for PD1/pdf/m/n on input line 9.
LaTeX Font Info:    ... okay on input line 9.
LaTeX Font Info:    Checking defaults for PU/pdf/m/n on input line 9.
LaTeX Font Info:    ... okay on input line 9.
 (/usr/local/texlive/2024/texmf-dist/tex/context/base/mkii/supp-pdf.mkii
[Loading MPS to PDF converter (version 2006.09.02).]
\scratchcounter=\count286
\scratchdimen=\dimen151
\scratchbox=\box56
\nofMPsegments=\count287
\nofMParguments=\count288
\everyMPshowfont=\toks20
\MPscratchCnt=\count289
\MPscratchDim=\dimen152
\MPnumerator=\count290
\makeMPintoPDFobject=\count291
\everyMPtoPDFconversion=\toks21
) (/usr/local/texlive/2024/texmf-dist/tex/latex/epstopdf-pkg/epstopdf-base.sty
Package: epstopdf-base 2020-01-24 v2.11 Base part for package epstopdf
Package epstopdf-base Info: Redefining graphics rule for `.eps' on input line 485.
 (/usr/local/texlive/2024/texmf-dist/tex/latex/latexconfig/epstopdf-sys.cfg
File: epstopdf-sys.cfg 2010/07/13 v1.3 Configuration of (r)epstopdf for TeX Live
))
Package hyperref Info: Link coloring OFF on input line 9.
 (./tesimichele.out) (./tesimichele.out)
\@outlinefile=\write3
\openout3 = `tesimichele.out'.

<labalogo.png, id=124, 1927.6818pt x 1350.9672pt>
File: labalogo.png Graphic file (type png)
<use labalogo.png>
Package pdftex.def Info: labalogo.png  used on input line 14.
(pdftex.def)             Requested size: 121.77403pt x 85.35826pt.

Underfull \hbox (badness 10000) in paragraph at lines 35--37

 []

[1

{/usr/local/texlive/2024/texmf-var/fonts/map/pdftex/updmap/pdftex.map} <./labalogo.png>]
pdfTeX warning (ext4): destination with the same identifier (name{page.1}) has been already used, duplicate ignored
<to be read again> 
                   \relax 
l.58 \break
            [1] [2] (./tesimichele.toc
LaTeX Font Info:    External font `cmex10' loaded for size
(Font)              <12> on input line 3.
LaTeX Font Info:    External font `cmex10' loaded for size
(Font)              <8> on input line 3.
LaTeX Font Info:    External font `cmex10' loaded for size
(Font)              <6> on input line 3.
 [3])
\tf@toc=\write4
\openout4 = `tesimichele.toc'.

 [4] [5] [6] [7]
LaTeX Font Info:    External font `cmex10' loaded for size
(Font)              <7> on input line 93.
LaTeX Font Info:    External font `cmex10' loaded for size
(Font)              <5> on input line 93.
 [8] [9] [10] [11] [12] [13] [14] [15] [16] [17] [18] [19] [20] [21] [22] [23] [24] [25] [26] [27] [28] [29{/usr/local/texlive/2024/texmf-dist/fonts/enc/dvips/cm-super/cm-super-ts1.enc}] [30] [31] [32] [33] [34] [35] [36] [37] [38] [39] [40] [41] [42] [43] [44] [45] [46] [47] [48] [49] [50] [51] [52] [53] [54] [55] [56] [57] [58] [59] [60] [61] [62] [63] [64] [65] [66] [67] [68] [69] [70] [71] [72] [73] [74] [75] [76] [77] [78] [79] [80] [81] [82] [83] [84] [85] [86] [87] [88] [89] [90] [91] [92] [93] [94] [95] [96] [97] [98] [99] [100] [101] [102] [103] [104] [105] [106] [107] [108] [109]
LaTeX Font Info:    External font `cmex10' loaded for size
(Font)              <10.95> on input line 934.
 [110] [111] [112]
<grafico1.png, id=1136, 775.89874pt x 248.93pt>
File: grafico1.png Graphic file (type png)
<use grafico1.png>
Package pdftex.def Info: grafico1.png  used on input line 955.
(pdftex.def)             Requested size: 426.79298pt x 142.26761pt.

Overfull \hbox (36.79298pt too wide) in paragraph at lines 955--956
[][] 
 []

[113 <./grafico1.png>]
<grafico2.png, id=1144, 772.8875pt x 245.91875pt>
File: grafico2.png Graphic file (type png)
<use grafico2.png>
Package pdftex.def Info: grafico2.png  used on input line 971.
(pdftex.def)             Requested size: 426.78767pt x 142.26898pt.

Overfull \hbox (36.78767pt too wide) in paragraph at lines 971--972
[][] 
 []

[114 <./grafico2.png>]
<grafico3.png, id=1153, 822.07124pt x 331.2375pt>
File: grafico3.png Graphic file (type png)
<use grafico3.png>
Package pdftex.def Info: grafico3.png  used on input line 984.
(pdftex.def)             Requested size: 426.7896pt x 170.71304pt.

Overfull \hbox (36.7896pt too wide) in paragraph at lines 984--985
[][] 
 []

[115 <./grafico3.png>] [116] [117] [118] [119] [120] [121] [122] [123] [124] [125] [126] (./tesimichele.aux)
 ***********
LaTeX2e <2023-11-01> patch level 1
L3 programming layer <2024-02-20>
 ***********
Package rerunfilecheck Info: File `tesimichele.out' has not changed.
(rerunfilecheck)             Checksum: E1127B14A4AB785A42B02EF99AF415DC;4621.
 ) 
Here is how much of TeX's memory you used:
 10111 strings out of 474116
 163446 string characters out of 5743681
 1935187 words of memory out of 5000000
 31776 multiletter control sequences out of 15000+600000
 564269 words of font info for 56 fonts, out of 8000000 for 9000
 1141 hyphenation exceptions out of 8191
 75i,8n,82p,1528b,609s stack positions out of 10000i,1000n,20000p,200000b,200000s

pdfTeX warning (dest): name{Hfootnote.83} has been referenced but does not exist, replaced by a fixed one


pdfTeX warning (dest): name{Hfootnote.82} has been referenced but does not exist, replaced by a fixed one


pdfTeX warning (dest): name{Hfootnote.81} has been referenced but does not exist, replaced by a fixed one


pdfTeX warning (dest): name{Hfootnote.80} has been referenced but does not exist, replaced by a fixed one


pdfTeX warning (dest): name{Hfootnote.79} has been referenced but does not exist, replaced by a fixed one


pdfTeX warning (dest): name{Hfootnote.78} has been referenced but does not exist, replaced by a fixed one


pdfTeX warning (dest): name{Hfootnote.77} has been referenced but does not exist, replaced by a fixed one


pdfTeX warning (dest): name{Hfootnote.76} has been referenced but does not exist, replaced by a fixed one


pdfTeX warning (dest): name{Hfootnote.75} has been referenced but does not exist, replaced by a fixed one


pdfTeX warning (dest): name{Hfootnote.74} has been referenced but does not exist, replaced by a fixed one


pdfTeX warning (dest): name{Hfootnote.73} has been referenced but does not exist, replaced by a fixed one


pdfTeX warning (dest): name{Hfootnote.72} has been referenced but does not exist, replaced by a fixed one


pdfTeX warning (dest): name{Hfootnote.71} has been referenced but does not exist, replaced by a fixed one


pdfTeX warning (dest): name{Hfootnote.70} has been referenced but does not exist, replaced by a fixed one


pdfTeX warning (dest): name{Hfootnote.69} has been referenced but does not exist, replaced by a fixed one


pdfTeX warning (dest): name{Hfootnote.68} has been referenced but does not exist, replaced by a fixed one


pdfTeX warning (dest): name{Hfootnote.67} has been referenced but does not exist, replaced by a fixed one


pdfTeX warning (dest): name{Hfootnote.66} has been referenced but does not exist, replaced by a fixed one


pdfTeX warning (dest): name{Hfootnote.65} has been referenced but does not exist, replaced by a fixed one


pdfTeX warning (dest): name{Hfootnote.64} has been referenced but does not exist, replaced by a fixed one


pdfTeX warning (dest): name{Hfootnote.63} has been referenced but does not exist, replaced by a fixed one


pdfTeX warning (dest): name{Hfootnote.62} has been referenced but does not exist, replaced by a fixed one


pdfTeX warning (dest): name{Hfootnote.61} has been referenced but does not exist, replaced by a fixed one


pdfTeX warning (dest): name{Hfootnote.60} has been referenced but does not exist, replaced by a fixed one


pdfTeX warning (dest): name{Hfootnote.59} has been referenced but does not exist, replaced by a fixed one


pdfTeX warning (dest): name{Hfootnote.58} has been referenced but does not exist, replaced by a fixed one


pdfTeX warning (dest): name{Hfootnote.57} has been referenced but does not exist, replaced by a fixed one


pdfTeX warning (dest): name{Hfootnote.56} has been referenced but does not exist, replaced by a fixed one


pdfTeX warning (dest): name{Hfootnote.55} has been referenced but does not exist, replaced by a fixed one


pdfTeX warning (dest): name{Hfootnote.54} has been referenced but does not exist, replaced by a fixed one


pdfTeX warning (dest): name{Hfootnote.53} has been referenced but does not exist, replaced by a fixed one


pdfTeX warning (dest): name{Hfootnote.52} has been referenced but does not exist, replaced by a fixed one


pdfTeX warning (dest): name{Hfootnote.51} has been referenced but does not exist, replaced by a fixed one


pdfTeX warning (dest): name{Hfootnote.50} has been referenced but does not exist, replaced by a fixed one


pdfTeX warning (dest): name{Hfootnote.49} has been referenced but does not exist, replaced by a fixed one


pdfTeX warning (dest): name{Hfootnote.48} has been referenced but does not exist, replaced by a fixed one


pdfTeX warning (dest): name{Hfootnote.47} has been referenced but does not exist, replaced by a fixed one


pdfTeX warning (dest): name{Hfootnote.46} has been referenced but does not exist, replaced by a fixed one


pdfTeX warning (dest): name{Hfootnote.45} has been referenced but does not exist, replaced by a fixed one


pdfTeX warning (dest): name{Hfootnote.44} has been referenced but does not exist, replaced by a fixed one


pdfTeX warning (dest): name{Hfootnote.43} has been referenced but does not exist, replaced by a fixed one


pdfTeX warning (dest): name{Hfootnote.42} has been referenced but does not exist, replaced by a fixed one


pdfTeX warning (dest): name{Hfootnote.41} has been referenced but does not exist, replaced by a fixed one


pdfTeX warning (dest): name{Hfootnote.40} has been referenced but does not exist, replaced by a fixed one


pdfTeX warning (dest): name{Hfootnote.39} has been referenced but does not exist, replaced by a fixed one


pdfTeX warning (dest): name{Hfootnote.38} has been referenced but does not exist, replaced by a fixed one


pdfTeX warning (dest): name{Hfootnote.37} has been referenced but does not exist, replaced by a fixed one


pdfTeX warning (dest): name{Hfootnote.36} has been referenced but does not exist, replaced by a fixed one


pdfTeX warning (dest): name{Hfootnote.35} has been referenced but does not exist, replaced by a fixed one


pdfTeX warning (dest): name{Hfootnote.34} has been referenced but does not exist, replaced by a fixed one


pdfTeX warning (dest): name{Hfootnote.33} has been referenced but does not exist, replaced by a fixed one


pdfTeX warning (dest): name{Hfootnote.32} has been referenced but does not exist, replaced by a fixed one


pdfTeX warning (dest): name{Hfootnote.31} has been referenced but does not exist, replaced by a fixed one


pdfTeX warning (dest): name{Hfootnote.30} has been referenced but does not exist, replaced by a fixed one


pdfTeX warning (dest): name{Hfootnote.29} has been referenced but does not exist, replaced by a fixed one


pdfTeX warning (dest): name{Hfootnote.28} has been referenced but does not exist, replaced by a fixed one


pdfTeX warning (dest): name{Hfootnote.27} has been referenced but does not exist, replaced by a fixed one


pdfTeX warning (dest): name{Hfootnote.26} has been referenced but does not exist, replaced by a fixed one


pdfTeX warning (dest): name{Hfootnote.25} has been referenced but does not exist, replaced by a fixed one


pdfTeX warning (dest): name{Hfootnote.24} has been referenced but does not exist, replaced by a fixed one


pdfTeX warning (dest): name{Hfootnote.23} has been referenced but does not exist, replaced by a fixed one


pdfTeX warning (dest): name{Hfootnote.22} has been referenced but does not exist, replaced by a fixed one


pdfTeX warning (dest): name{Hfootnote.21} has been referenced but does not exist, replaced by a fixed one


pdfTeX warning (dest): name{Hfootnote.20} has been referenced but does not exist, replaced by a fixed one


pdfTeX warning (dest): name{Hfootnote.19} has been referenced but does not exist, replaced by a fixed one


pdfTeX warning (dest): name{Hfootnote.18} has been referenced but does not exist, replaced by a fixed one


pdfTeX warning (dest): name{Hfootnote.17} has been referenced but does not exist, replaced by a fixed one


pdfTeX warning (dest): name{Hfootnote.16} has been referenced but does not exist, replaced by a fixed one


pdfTeX warning (dest): name{Hfootnote.15} has been referenced but does not exist, replaced by a fixed one


pdfTeX warning (dest): name{Hfootnote.14} has been referenced but does not exist, replaced by a fixed one


pdfTeX warning (dest): name{Hfootnote.13} has been referenced but does not exist, replaced by a fixed one


pdfTeX warning (dest): name{Hfootnote.12} has been referenced but does not exist, replaced by a fixed one


pdfTeX warning (dest): name{Hfootnote.11} has been referenced but does not exist, replaced by a fixed one


pdfTeX warning (dest): name{Hfootnote.10} has been referenced but does not exist, replaced by a fixed one


pdfTeX warning (dest): name{Hfootnote.9} has been referenced but does not exist, replaced by a fixed one


pdfTeX warning (dest): name{Hfootnote.8} has been referenced but does not exist, replaced by a fixed one


pdfTeX warning (dest): name{Hfootnote.7} has been referenced but does not exist, replaced by a fixed one


pdfTeX warning (dest): name{Hfootnote.6} has been referenced but does not exist, replaced by a fixed one


pdfTeX warning (dest): name{Hfootnote.5} has been referenced but does not exist, replaced by a fixed one


pdfTeX warning (dest): name{Hfootnote.4} has been referenced but does not exist, replaced by a fixed one


pdfTeX warning (dest): name{Hfootnote.3} has been referenced but does not exist, replaced by a fixed one


pdfTeX warning (dest): name{Hfootnote.2} has been referenced but does not exist, replaced by a fixed one


pdfTeX warning (dest): name{Hfootnote.1} has been referenced but does not exist, replaced by a fixed one

</usr/local/texlive/2024/texmf-dist/fonts/type1/public/amsfonts/cm/cmbx12.pfb></usr/local/texlive/2024/texmf-dist/fonts/type1/public/amsfonts/cm/cmmi10.pfb></usr/local/texlive/2024/texmf-dist/fonts/type1/public/amsfonts/cm/cmmi8.pfb></usr/local/texlive/2024/texmf-dist/fonts/type1/public/amsfonts/cm/cmr10.pfb></usr/local/texlive/2024/texmf-dist/fonts/type1/public/amsfonts/cm/cmr12.pfb></usr/local/texlive/2024/texmf-dist/fonts/type1/public/amsfonts/cm/cmr7.pfb></usr/local/texlive/2024/texmf-dist/fonts/type1/public/amsfonts/cm/cmr8.pfb></usr/local/texlive/2024/texmf-dist/fonts/type1/public/amsfonts/cm/cmti10.pfb></usr/local/texlive/2024/texmf-dist/fonts/type1/public/amsfonts/cm/cmti12.pfb></usr/local/texlive/2024/texmf-dist/fonts/type1/public/cm-super/sfrm1200.pfb>
Output written on tesimichele.pdf (127 pages, 1060805 bytes).
PDF statistics:
 1689 PDF objects out of 1728 (max. 8388607)
 1516 compressed objects within 16 object streams
 603 named destinations out of 1000 (max. 500000)
 261 words of extra memory for PDF output out of 10000 (max. 10000000)

